new/fll-tools/android/app/build/intermediates/manifest_merge_blame_file/debug/manifest-merger-blame-debug-report.txt
1<?xml version="1.0" encoding="utf-8"?>
2<manifest xmlns:android="http://schemas.android.com/apk/res/android"
3    package="com.ev3lessons.flltools"
4    android:versionCode="1"
5    android:versionName="1.0" >
6
7    <uses-sdk
8        android:minSdkVersion="21"
8-->src/main/AndroidManifest.xml
9        android:targetSdkVersion="30" />
9-->src/main/AndroidManifest.xml
10
11    <!-- Permissions -->
12
13    <uses-permission android:name="android.permission.INTERNET" />
13-->src/main/AndroidManifest.xml:40:5-67
13-->src/main/AndroidManifest.xml:40:22-64
14    <uses-permission android:name="android.permission.WRITE_EXTERNAL_STORAGE" /> <!-- for your file, say a pdf to work -->
14-->src/main/AndroidManifest.xml:41:3-79
14-->src/main/AndroidManifest.xml:41:20-76
15    <uses-permission android:name="android.permission.ACCESS_DOWNLOAD_MANAGER" />
15-->src/main/AndroidManifest.xml:42:3-79
15-->src/main/AndroidManifest.xml:42:20-77
16    <uses-permission android:name="android.permission.READ_EXTERNAL_STORAGE" />
16-->src/main/AndroidManifest.xml:43:3-77
16-->src/main/AndroidManifest.xml:43:20-75
17    <uses-permission android:name="android.permission.VIBRATE" />
17-->[:capacitor-haptics] AndroidManifest.xml:9:5-66
17-->[:capacitor-haptics] AndroidManifest.xml:9:22-63
18
19    <application
19-->src/main/AndroidManifest.xml:5:5-36:19
20        android:allowBackup="true"
20-->src/main/AndroidManifest.xml:6:9-35
21        android:appComponentFactory="androidx.core.app.CoreComponentFactory"
21-->[androidx.core:core:1.3.2] AndroidManifest.xml:24:18-86
22        android:debuggable="true"
23        android:icon="@mipmap/ic_launcher"
23-->src/main/AndroidManifest.xml:7:9-43
24        android:label="@string/app_name"
24-->src/main/AndroidManifest.xml:8:9-41
25        android:roundIcon="@mipmap/ic_launcher_round"
25-->src/main/AndroidManifest.xml:9:9-54
26        android:supportsRtl="true"
26-->src/main/AndroidManifest.xml:10:9-35
27        android:testOnly="true"
28        android:theme="@style/AppTheme" >
28-->src/main/AndroidManifest.xml:11:9-40
29        <activity
29-->src/main/AndroidManifest.xml:13:9-25:20
30            android:name="com.ev3lessons.flltools.MainActivity"
30-->src/main/AndroidManifest.xml:15:13-64
31            android:configChanges="orientation|keyboardHidden|keyboard|screenSize|locale|smallestScreenSize|screenLayout|uiMode"
31-->src/main/AndroidManifest.xml:14:13-129
32            android:label="@string/title_activity_main"
32-->src/main/AndroidManifest.xml:16:13-56
33            android:launchMode="singleTask"
33-->src/main/AndroidManifest.xml:18:13-44
34            android:theme="@style/AppTheme.NoActionBarLaunch" >
34-->src/main/AndroidManifest.xml:17:13-62
35            <intent-filter>
35-->src/main/AndroidManifest.xml:20:13-23:29
36                <action android:name="android.intent.action.MAIN" />
36-->src/main/AndroidManifest.xml:21:17-69
36-->src/main/AndroidManifest.xml:21:25-66
37
38                <category android:name="android.intent.category.LAUNCHER" />
38-->src/main/AndroidManifest.xml:22:17-77
38-->src/main/AndroidManifest.xml:22:27-74
39            </intent-filter>
40        </activity>
41
42        <provider
43            android:name="androidx.core.content.FileProvider"
43-->src/main/AndroidManifest.xml:28:13-62
44            android:authorities="com.ev3lessons.flltools.fileprovider"
44-->src/main/AndroidManifest.xml:29:13-64
45            android:exported="false"
45-->src/main/AndroidManifest.xml:30:13-37
46            android:grantUriPermissions="true" >
46-->src/main/AndroidManifest.xml:31:13-47
47            <meta-data
47-->src/main/AndroidManifest.xml:32:13-34:64
48                android:name="android.support.FILE_PROVIDER_PATHS"
48-->src/main/AndroidManifest.xml:33:17-67
49                android:resource="@xml/file_paths" />
49-->src/main/AndroidManifest.xml:34:17-51
50        </provider>
51    </application>
52
53</manifest>